2024-08-10 15:27:27,448 ERROR [reactor-http-nio-12][CompositeLog.java:122] - [0adda2f1-133]  500 Server Error for HTTP POST "/media/upload/mergechunks"
reactor.netty.http.client.PrematureCloseException: Connection prematurely closed BEFORE response
	Suppressed: reactor.core.publisher.FluxOnAssembly$OnAssemblyException: 
Error has been observed at the following site(s):
	|_ checkpoint ⇢ org.springframework.cloud.gateway.filter.WeightCalculatorWebFilter [DefaultWebFilterChain]
	|_ checkpoint ⇢ HTTP POST "/media/upload/mergechunks" [ExceptionHandlingWebHandler]
Stack trace:
2024-08-10 15:31:47,899 ERROR [http-nio-63050-exec-4][GlobalExceptionHandler.java:39] - 系统异常:Failed to connect to /127.0.0.1:9005
java.net.ConnectException: Failed to connect to /127.0.0.1:9005
	at okhttp3.internal.connection.RealConnection.connectSocket(RealConnection.kt:297)
	at okhttp3.internal.connection.RealConnection.connect(RealConnection.kt:207)
	at okhttp3.internal.connection.ExchangeFinder.findConnection(ExchangeFinder.kt:226)
	at okhttp3.internal.connection.ExchangeFinder.findHealthyConnection(ExchangeFinder.kt:106)
	at okhttp3.internal.connection.ExchangeFinder.find(ExchangeFinder.kt:74)
	at okhttp3.internal.connection.RealCall.initExchange$okhttp(RealCall.kt:255)
	at okhttp3.internal.connection.ConnectInterceptor.intercept(ConnectInterceptor.kt:32)
	at okhttp3.internal.http.RealInterceptorChain.proceed(RealInterceptorChain.kt:109)
	at okhttp3.internal.cache.CacheInterceptor.intercept(CacheInterceptor.kt:95)
	at okhttp3.internal.http.RealInterceptorChain.proceed(RealInterceptorChain.kt:109)
	at okhttp3.internal.http.BridgeInterceptor.intercept(BridgeInterceptor.kt:83)
	at okhttp3.internal.http.RealInterceptorChain.proceed(RealInterceptorChain.kt:109)
	at okhttp3.internal.http.RetryAndFollowUpInterceptor.intercept(RetryAndFollowUpInterceptor.kt:76)
	at okhttp3.internal.http.RealInterceptorChain.proceed(RealInterceptorChain.kt:109)
	at okhttp3.internal.connection.RealCall.getResponseWithInterceptorChain$okhttp(RealCall.kt:201)
	at okhttp3.internal.connection.RealCall$AsyncCall.run(RealCall.kt:517)
	at java.util.concurrent.ThreadPoolExecutor.runWorker(ThreadPoolExecutor.java:1149)
	at java.util.concurrent.ThreadPoolExecutor$Worker.run(ThreadPoolExecutor.java:624)
	at java.lang.Thread.run(Thread.java:750)
	Suppressed: java.net.SocketException: Connection reset
		at java.net.SocketInputStream.read(SocketInputStream.java:210)
		at java.net.SocketInputStream.read(SocketInputStream.java:141)
		at okio.InputStreamSource.read(JvmOkio.kt:90)
		at okio.AsyncTimeout$source$1.read(AsyncTimeout.kt:129)
		at okio.RealBufferedSource.indexOf(RealBufferedSource.kt:449)
		at okio.RealBufferedSource.readUtf8LineStrict(RealBufferedSource.kt:333)
		at okhttp3.internal.http1.HeadersReader.readLine(HeadersReader.kt:29)
		at okhttp3.internal.http1.Http1ExchangeCodec.readResponseHeaders(Http1ExchangeCodec.kt:178)
		at okhttp3.internal.connection.Exchange.readResponseHeaders(Exchange.kt:106)
		at okhttp3.internal.http.CallServerInterceptor.intercept(CallServerInterceptor.kt:79)
		at okhttp3.internal.http.RealInterceptorChain.proceed(RealInterceptorChain.kt:109)
		at okhttp3.internal.connection.ConnectInterceptor.intercept(ConnectInterceptor.kt:34)
		... 12 more
Caused by: java.net.ConnectException: Connection refused: connect
	at java.net.DualStackPlainSocketImpl.waitForConnect(Native Method)
	at java.net.DualStackPlainSocketImpl.socketConnect(DualStackPlainSocketImpl.java:81)
	at java.net.AbstractPlainSocketImpl.doConnect(AbstractPlainSocketImpl.java:476)
	at java.net.AbstractPlainSocketImpl.connectToAddress(AbstractPlainSocketImpl.java:218)
	at java.net.AbstractPlainSocketImpl.connect(AbstractPlainSocketImpl.java:200)
	at java.net.PlainSocketImpl.connect(PlainSocketImpl.java:162)
	at java.net.SocksSocketImpl.connect(SocksSocketImpl.java:394)
	at java.net.Socket.connect(Socket.java:606)
	at okhttp3.internal.platform.Platform.connectSocket(Platform.kt:120)
	at okhttp3.internal.connection.RealConnection.connectSocket(RealConnection.kt:295)
	... 18 more
2024-08-10 15:31:47,913 ERROR [http-nio-63050-exec-2][GlobalExceptionHandler.java:39] - 系统异常:Failed to connect to /127.0.0.1:9005
java.net.ConnectException: Failed to connect to /127.0.0.1:9005
	at okhttp3.internal.connection.RealConnection.connectSocket(RealConnection.kt:297)
	at okhttp3.internal.connection.RealConnection.connect(RealConnection.kt:207)
	at okhttp3.internal.connection.ExchangeFinder.findConnection(ExchangeFinder.kt:226)
	at okhttp3.internal.connection.ExchangeFinder.findHealthyConnection(ExchangeFinder.kt:106)
	at okhttp3.internal.connection.ExchangeFinder.find(ExchangeFinder.kt:74)
	at okhttp3.internal.connection.RealCall.initExchange$okhttp(RealCall.kt:255)
	at okhttp3.internal.connection.ConnectInterceptor.intercept(ConnectInterceptor.kt:32)
	at okhttp3.internal.http.RealInterceptorChain.proceed(RealInterceptorChain.kt:109)
	at okhttp3.internal.cache.CacheInterceptor.intercept(CacheInterceptor.kt:95)
	at okhttp3.internal.http.RealInterceptorChain.proceed(RealInterceptorChain.kt:109)
	at okhttp3.internal.http.BridgeInterceptor.intercept(BridgeInterceptor.kt:83)
	at okhttp3.internal.http.RealInterceptorChain.proceed(RealInterceptorChain.kt:109)
	at okhttp3.internal.http.RetryAndFollowUpInterceptor.intercept(RetryAndFollowUpInterceptor.kt:76)
	at okhttp3.internal.http.RealInterceptorChain.proceed(RealInterceptorChain.kt:109)
	at okhttp3.internal.connection.RealCall.getResponseWithInterceptorChain$okhttp(RealCall.kt:201)
	at okhttp3.internal.connection.RealCall$AsyncCall.run(RealCall.kt:517)
	at java.util.concurrent.ThreadPoolExecutor.runWorker(ThreadPoolExecutor.java:1149)
	at java.util.concurrent.ThreadPoolExecutor$Worker.run(ThreadPoolExecutor.java:624)
	at java.lang.Thread.run(Thread.java:750)
	Suppressed: java.net.SocketException: Connection reset
		at java.net.SocketInputStream.read(SocketInputStream.java:210)
		at java.net.SocketInputStream.read(SocketInputStream.java:141)
		at okio.InputStreamSource.read(JvmOkio.kt:90)
		at okio.AsyncTimeout$source$1.read(AsyncTimeout.kt:129)
		at okio.RealBufferedSource.indexOf(RealBufferedSource.kt:449)
		at okio.RealBufferedSource.readUtf8LineStrict(RealBufferedSource.kt:333)
		at okhttp3.internal.http1.HeadersReader.readLine(HeadersReader.kt:29)
		at okhttp3.internal.http1.Http1ExchangeCodec.readResponseHeaders(Http1ExchangeCodec.kt:178)
		at okhttp3.internal.connection.Exchange.readResponseHeaders(Exchange.kt:106)
		at okhttp3.internal.http.CallServerInterceptor.intercept(CallServerInterceptor.kt:79)
		at okhttp3.internal.http.RealInterceptorChain.proceed(RealInterceptorChain.kt:109)
		at okhttp3.internal.connection.ConnectInterceptor.intercept(ConnectInterceptor.kt:34)
		... 12 more
Caused by: java.net.ConnectException: Connection refused: connect
	at java.net.DualStackPlainSocketImpl.waitForConnect(Native Method)
	at java.net.DualStackPlainSocketImpl.socketConnect(DualStackPlainSocketImpl.java:81)
	at java.net.AbstractPlainSocketImpl.doConnect(AbstractPlainSocketImpl.java:476)
	at java.net.AbstractPlainSocketImpl.connectToAddress(AbstractPlainSocketImpl.java:218)
	at java.net.AbstractPlainSocketImpl.connect(AbstractPlainSocketImpl.java:200)
	at java.net.PlainSocketImpl.connect(PlainSocketImpl.java:162)
	at java.net.SocksSocketImpl.connect(SocksSocketImpl.java:394)
	at java.net.Socket.connect(Socket.java:606)
	at okhttp3.internal.platform.Platform.connectSocket(Platform.kt:120)
	at okhttp3.internal.connection.RealConnection.connectSocket(RealConnection.kt:295)
	... 18 more
2024-08-10 15:33:26,412 ERROR [http-nio-63050-exec-8][GlobalExceptionHandler.java:39] - 系统异常:Failed to connect to /127.0.0.1:9005
java.net.ConnectException: Failed to connect to /127.0.0.1:9005
	at okhttp3.internal.connection.RealConnection.connectSocket(RealConnection.kt:297)
	at okhttp3.internal.connection.RealConnection.connect(RealConnection.kt:207)
	at okhttp3.internal.connection.ExchangeFinder.findConnection(ExchangeFinder.kt:226)
	at okhttp3.internal.connection.ExchangeFinder.findHealthyConnection(ExchangeFinder.kt:106)
	at okhttp3.internal.connection.ExchangeFinder.find(ExchangeFinder.kt:74)
	at okhttp3.internal.connection.RealCall.initExchange$okhttp(RealCall.kt:255)
	at okhttp3.internal.connection.ConnectInterceptor.intercept(ConnectInterceptor.kt:32)
	at okhttp3.internal.http.RealInterceptorChain.proceed(RealInterceptorChain.kt:109)
	at okhttp3.internal.cache.CacheInterceptor.intercept(CacheInterceptor.kt:95)
	at okhttp3.internal.http.RealInterceptorChain.proceed(RealInterceptorChain.kt:109)
	at okhttp3.internal.http.BridgeInterceptor.intercept(BridgeInterceptor.kt:83)
	at okhttp3.internal.http.RealInterceptorChain.proceed(RealInterceptorChain.kt:109)
	at okhttp3.internal.http.RetryAndFollowUpInterceptor.intercept(RetryAndFollowUpInterceptor.kt:76)
	at okhttp3.internal.http.RealInterceptorChain.proceed(RealInterceptorChain.kt:109)
	at okhttp3.internal.connection.RealCall.getResponseWithInterceptorChain$okhttp(RealCall.kt:201)
	at okhttp3.internal.connection.RealCall$AsyncCall.run(RealCall.kt:517)
	at java.util.concurrent.ThreadPoolExecutor.runWorker(ThreadPoolExecutor.java:1149)
	at java.util.concurrent.ThreadPoolExecutor$Worker.run(ThreadPoolExecutor.java:624)
	at java.lang.Thread.run(Thread.java:750)
	Suppressed: java.net.SocketException: Connection reset
		at java.net.SocketInputStream.read(SocketInputStream.java:210)
		at java.net.SocketInputStream.read(SocketInputStream.java:141)
		at okio.InputStreamSource.read(JvmOkio.kt:90)
		at okio.AsyncTimeout$source$1.read(AsyncTimeout.kt:129)
		at okio.RealBufferedSource.indexOf(RealBufferedSource.kt:449)
		at okio.RealBufferedSource.readUtf8LineStrict(RealBufferedSource.kt:333)
		at okhttp3.internal.http1.HeadersReader.readLine(HeadersReader.kt:29)
		at okhttp3.internal.http1.Http1ExchangeCodec.readResponseHeaders(Http1ExchangeCodec.kt:178)
		at okhttp3.internal.connection.Exchange.readResponseHeaders(Exchange.kt:106)
		at okhttp3.internal.http.CallServerInterceptor.intercept(CallServerInterceptor.kt:79)
		at okhttp3.internal.http.RealInterceptorChain.proceed(RealInterceptorChain.kt:109)
		at okhttp3.internal.connection.ConnectInterceptor.intercept(ConnectInterceptor.kt:34)
		... 12 more
Caused by: java.net.ConnectException: Connection refused: connect
	at java.net.DualStackPlainSocketImpl.waitForConnect(Native Method)
	at java.net.DualStackPlainSocketImpl.socketConnect(DualStackPlainSocketImpl.java:81)
	at java.net.AbstractPlainSocketImpl.doConnect(AbstractPlainSocketImpl.java:476)
	at java.net.AbstractPlainSocketImpl.connectToAddress(AbstractPlainSocketImpl.java:218)
	at java.net.AbstractPlainSocketImpl.connect(AbstractPlainSocketImpl.java:200)
	at java.net.PlainSocketImpl.connect(PlainSocketImpl.java:162)
	at java.net.SocksSocketImpl.connect(SocksSocketImpl.java:394)
	at java.net.Socket.connect(Socket.java:606)
	at okhttp3.internal.platform.Platform.connectSocket(Platform.kt:120)
	at okhttp3.internal.connection.RealConnection.connectSocket(RealConnection.kt:295)
	... 18 more
2024-08-10 15:35:26,491 ERROR [http-nio-63050-exec-5][GlobalExceptionHandler.java:39] - 系统异常:The specified key does not exist.
error occurred
ErrorResponse(code = NoSuchKey, message = The specified key does not exist., bucketName = video, objectName = c/b/cbc1b40b6b9e0f3ff85a06c16af55298.mp4, resource = /video/c/b/cbc1b40b6b9e0f3ff85a06c16af55298.mp4, requestId = 17EA4DC775601828, hostId = d0af7ef13e9a79de08686e85c361d9af88c5ebdbbacf07a734ab2c11fd85e57f)
request={method=GET, url=http://127.0.0.1:9005/video/c/b/cbc1b40b6b9e0f3ff85a06c16af55298.mp4, headers=Host: 127.0.0.1:9005
Accept-Encoding: identity
User-Agent: MinIO (Windows 11; amd64) minio-java/8.4.3
Content-MD5: 1B2M2Y8AsgTpgAmY7PhCfg==
x-amz-content-sha256: e3b0c44298fc1c149afbf4c8996fb92427ae41e4649b934ca495991b7852b855
x-amz-date: 20240810T073526Z
Authorization: AWS4-HMAC-SHA256 Credential=*REDACTED*/20240810/us-east-1/s3/aws4_request, SignedHeaders=content-md5;host;x-amz-content-sha256;x-amz-date, Signature=*REDACTED*
}
response={code=404, headers=Accept-Ranges: bytes
Content-Length: 397
Content-Type: application/xml
Server: MinIO
Strict-Transport-Security: max-age=31536000; includeSubDomains
Vary: Origin
Vary: Accept-Encoding
X-Amz-Id-2: d0af7ef13e9a79de08686e85c361d9af88c5ebdbbacf07a734ab2c11fd85e57f
X-Amz-Request-Id: 17EA4DC775601828
X-Content-Type-Options: nosniff
X-Xss-Protection: 1; mode=block
Date: Sat, 10 Aug 2024 07:35:26 GMT
}

	at io.minio.S3Base$1.onResponse(S3Base.java:690)
	at okhttp3.internal.connection.RealCall$AsyncCall.run(RealCall.kt:519)
	at java.util.concurrent.ThreadPoolExecutor.runWorker(ThreadPoolExecutor.java:1149)
	at java.util.concurrent.ThreadPoolExecutor$Worker.run(ThreadPoolExecutor.java:624)
	at java.lang.Thread.run(Thread.java:750)
2024-08-10 15:45:02,767 ERROR [http-nio-63050-exec-4][GlobalExceptionHandler.java:39] - 系统异常:The specified key does not exist.
error occurred
ErrorResponse(code = NoSuchKey, message = The specified key does not exist., bucketName = video, objectName = c/b/cbc1b40b6b9e0f3ff85a06c16af55298.mp4, resource = /video/c/b/cbc1b40b6b9e0f3ff85a06c16af55298.mp4, requestId = 17EA4E4DA23A042C, hostId = d0af7ef13e9a79de08686e85c361d9af88c5ebdbbacf07a734ab2c11fd85e57f)
request={method=GET, url=http://127.0.0.1:9005/video/c/b/cbc1b40b6b9e0f3ff85a06c16af55298.mp4, headers=Host: 127.0.0.1:9005
Accept-Encoding: identity
User-Agent: MinIO (Windows 11; amd64) minio-java/8.4.3
Content-MD5: 1B2M2Y8AsgTpgAmY7PhCfg==
x-amz-content-sha256: e3b0c44298fc1c149afbf4c8996fb92427ae41e4649b934ca495991b7852b855
x-amz-date: 20240810T074502Z
Authorization: AWS4-HMAC-SHA256 Credential=*REDACTED*/20240810/us-east-1/s3/aws4_request, SignedHeaders=content-md5;host;x-amz-content-sha256;x-amz-date, Signature=*REDACTED*
}
response={code=404, headers=Accept-Ranges: bytes
Content-Length: 397
Content-Type: application/xml
Server: MinIO
Strict-Transport-Security: max-age=31536000; includeSubDomains
Vary: Origin
Vary: Accept-Encoding
X-Amz-Id-2: d0af7ef13e9a79de08686e85c361d9af88c5ebdbbacf07a734ab2c11fd85e57f
X-Amz-Request-Id: 17EA4E4DA23A042C
X-Content-Type-Options: nosniff
X-Xss-Protection: 1; mode=block
Date: Sat, 10 Aug 2024 07:45:02 GMT
}

	at io.minio.S3Base$1.onResponse(S3Base.java:690)
	at okhttp3.internal.connection.RealCall$AsyncCall.run(RealCall.kt:519)
	at java.util.concurrent.ThreadPoolExecutor.runWorker(ThreadPoolExecutor.java:1149)
	at java.util.concurrent.ThreadPoolExecutor$Worker.run(ThreadPoolExecutor.java:624)
	at java.lang.Thread.run(Thread.java:750)
2024-08-10 15:50:19,573 ERROR [http-nio-63050-exec-3][GlobalExceptionHandler.java:39] - 系统异常:The specified key does not exist.
error occurred
ErrorResponse(code = NoSuchKey, message = The specified key does not exist., bucketName = video, objectName = c/b/cbc1b40b6b9e0f3ff85a06c16af55298.mp4, resource = /video/c/b/cbc1b40b6b9e0f3ff85a06c16af55298.mp4, requestId = 17EA4E97650A77CC, hostId = d0af7ef13e9a79de08686e85c361d9af88c5ebdbbacf07a734ab2c11fd85e57f)
request={method=GET, url=http://127.0.0.1:9005/video/c/b/cbc1b40b6b9e0f3ff85a06c16af55298.mp4, headers=Host: 127.0.0.1:9005
Accept-Encoding: identity
User-Agent: MinIO (Windows 11; amd64) minio-java/8.4.3
Content-MD5: 1B2M2Y8AsgTpgAmY7PhCfg==
x-amz-content-sha256: e3b0c44298fc1c149afbf4c8996fb92427ae41e4649b934ca495991b7852b855
x-amz-date: 20240810T075019Z
Authorization: AWS4-HMAC-SHA256 Credential=*REDACTED*/20240810/us-east-1/s3/aws4_request, SignedHeaders=content-md5;host;x-amz-content-sha256;x-amz-date, Signature=*REDACTED*
}
response={code=404, headers=Accept-Ranges: bytes
Content-Length: 397
Content-Type: application/xml
Server: MinIO
Strict-Transport-Security: max-age=31536000; includeSubDomains
Vary: Origin
Vary: Accept-Encoding
X-Amz-Id-2: d0af7ef13e9a79de08686e85c361d9af88c5ebdbbacf07a734ab2c11fd85e57f
X-Amz-Request-Id: 17EA4E97650A77CC
X-Content-Type-Options: nosniff
X-Xss-Protection: 1; mode=block
Date: Sat, 10 Aug 2024 07:50:19 GMT
}

	at io.minio.S3Base$1.onResponse(S3Base.java:690)
	at okhttp3.internal.connection.RealCall$AsyncCall.run(RealCall.kt:519)
	at java.util.concurrent.ThreadPoolExecutor.runWorker(ThreadPoolExecutor.java:1149)
	at java.util.concurrent.ThreadPoolExecutor$Worker.run(ThreadPoolExecutor.java:624)
	at java.lang.Thread.run(Thread.java:750)
2024-08-10 15:54:02,515 ERROR [http-nio-63050-exec-2][GlobalExceptionHandler.java:39] - 系统异常:The specified key does not exist.
error occurred
ErrorResponse(code = NoSuchKey, message = The specified key does not exist., bucketName = video, objectName = c/b/cbc1b40b6b9e0f3ff85a06c16af55298.mp4, resource = /video/c/b/cbc1b40b6b9e0f3ff85a06c16af55298.mp4, requestId = 17EA4ECB4D9ED43C, hostId = d0af7ef13e9a79de08686e85c361d9af88c5ebdbbacf07a734ab2c11fd85e57f)
request={method=GET, url=http://127.0.0.1:9005/video/c/b/cbc1b40b6b9e0f3ff85a06c16af55298.mp4, headers=Host: 127.0.0.1:9005
Accept-Encoding: identity
User-Agent: MinIO (Windows 11; amd64) minio-java/8.4.3
Content-MD5: 1B2M2Y8AsgTpgAmY7PhCfg==
x-amz-content-sha256: e3b0c44298fc1c149afbf4c8996fb92427ae41e4649b934ca495991b7852b855
x-amz-date: 20240810T075402Z
Authorization: AWS4-HMAC-SHA256 Credential=*REDACTED*/20240810/us-east-1/s3/aws4_request, SignedHeaders=content-md5;host;x-amz-content-sha256;x-amz-date, Signature=*REDACTED*
}
response={code=404, headers=Accept-Ranges: bytes
Content-Length: 397
Content-Type: application/xml
Server: MinIO
Strict-Transport-Security: max-age=31536000; includeSubDomains
Vary: Origin
Vary: Accept-Encoding
X-Amz-Id-2: d0af7ef13e9a79de08686e85c361d9af88c5ebdbbacf07a734ab2c11fd85e57f
X-Amz-Request-Id: 17EA4ECB4D9ED43C
X-Content-Type-Options: nosniff
X-Xss-Protection: 1; mode=block
Date: Sat, 10 Aug 2024 07:54:02 GMT
}

	at io.minio.S3Base$1.onResponse(S3Base.java:690)
	at okhttp3.internal.connection.RealCall$AsyncCall.run(RealCall.kt:519)
	at java.util.concurrent.ThreadPoolExecutor.runWorker(ThreadPoolExecutor.java:1149)
	at java.util.concurrent.ThreadPoolExecutor$Worker.run(ThreadPoolExecutor.java:624)
	at java.lang.Thread.run(Thread.java:750)
2024-08-10 15:56:14,037 ERROR [http-nio-63050-exec-3][GlobalExceptionHandler.java:39] - 系统异常:The specified key does not exist.
error occurred
ErrorResponse(code = NoSuchKey, message = The specified key does not exist., bucketName = video, objectName = c/b/cbc1b40b6b9e0f3ff85a06c16af55298.mp4, resource = /video/c/b/cbc1b40b6b9e0f3ff85a06c16af55298.mp4, requestId = 17EA4EE9ED174B98, hostId = d0af7ef13e9a79de08686e85c361d9af88c5ebdbbacf07a734ab2c11fd85e57f)
request={method=GET, url=http://127.0.0.1:9005/video/c/b/cbc1b40b6b9e0f3ff85a06c16af55298.mp4, headers=Host: 127.0.0.1:9005
Accept-Encoding: identity
User-Agent: MinIO (Windows 11; amd64) minio-java/8.4.3
Content-MD5: 1B2M2Y8AsgTpgAmY7PhCfg==
x-amz-content-sha256: e3b0c44298fc1c149afbf4c8996fb92427ae41e4649b934ca495991b7852b855
x-amz-date: 20240810T075614Z
Authorization: AWS4-HMAC-SHA256 Credential=*REDACTED*/20240810/us-east-1/s3/aws4_request, SignedHeaders=content-md5;host;x-amz-content-sha256;x-amz-date, Signature=*REDACTED*
}
response={code=404, headers=Accept-Ranges: bytes
Content-Length: 397
Content-Type: application/xml
Server: MinIO
Strict-Transport-Security: max-age=31536000; includeSubDomains
Vary: Origin
Vary: Accept-Encoding
X-Amz-Id-2: d0af7ef13e9a79de08686e85c361d9af88c5ebdbbacf07a734ab2c11fd85e57f
X-Amz-Request-Id: 17EA4EE9ED174B98
X-Content-Type-Options: nosniff
X-Xss-Protection: 1; mode=block
Date: Sat, 10 Aug 2024 07:56:14 GMT
}

	at io.minio.S3Base$1.onResponse(S3Base.java:690)
	at okhttp3.internal.connection.RealCall$AsyncCall.run(RealCall.kt:519)
	at java.util.concurrent.ThreadPoolExecutor.runWorker(ThreadPoolExecutor.java:1149)
	at java.util.concurrent.ThreadPoolExecutor$Worker.run(ThreadPoolExecutor.java:624)
	at java.lang.Thread.run(Thread.java:750)
