2024-08-14 16:22:07,325 ERROR [main][LoggingFailureAnalysisReporter.java:40] - 

***************************
APPLICATION FAILED TO START
***************************

Description:

Web server failed to start. Port 63050 was already in use.

Action:

Identify and stop the process that's listening on port 63050 or configure this application to listen on another port.

2024-08-14 16:23:19,223 ERROR [main][LoggingFailureAnalysisReporter.java:40] - 

***************************
APPLICATION FAILED TO START
***************************

Description:

Web server failed to start. Port 63010 was already in use.

Action:

Identify and stop the process that's listening on port 63010 or configure this application to listen on another port.

2024-08-14 16:25:17,568 ERROR [main][LoggingFailureAnalysisReporter.java:40] - 

***************************
APPLICATION FAILED TO START
***************************

Description:

Web server failed to start. Port 63010 was already in use.

Action:

Identify and stop the process that's listening on port 63010 or configure this application to listen on another port.

2024-08-14 16:27:10,911 ERROR [main][LoggingFailureAnalysisReporter.java:40] - 

***************************
APPLICATION FAILED TO START
***************************

Description:

Web server failed to start. Port 63010 was already in use.

Action:

Identify and stop the process that's listening on port 63010 or configure this application to listen on another port.

