2024-08-18 10:00:00,847 DEBUG [com.alibaba.nacos.naming.beat.sender][NamingProxy.java:421] - [BEAT] 54a51513-52f2-4d52-b774-caba911f8f39 sending beat to server: BeatInfo{port=63075, ip='192.168.128.1', weight=1.0, serviceName='xuecheng-plus-project@@checkcode', cluster='DEFAULT', metadata={preserved.register.source=SPRING_CLOUD}, scheduled=false, period=5000, stopped=false}
2024-08-18 10:00:00,847 DEBUG [com.alibaba.nacos.naming.beat.sender][NamingProxy.java:421] - [BEAT] 54a51513-52f2-4d52-b774-caba911f8f39 sending beat to server: BeatInfo{port=63075, ip='192.168.128.1', weight=1.0, serviceName='xuecheng-plus-project@@checkcode', cluster='DEFAULT', metadata={preserved.register.source=SPRING_CLOUD}, scheduled=false, period=5000, stopped=false}
2024-08-18 10:00:00,864 DEBUG [com.alibaba.nacos.naming.beat.sender][NacosRestTemplate.java:476] - HTTP method: PUT, url: http://192.168.128.1:8848/nacos/v1/ns/instance/beat?app=unknown&serviceName=xuecheng-plus-project%40%40checkcode&namespaceId=54a51513-52f2-4d52-b774-caba911f8f39&port=63075&clusterName=DEFAULT&ip=192.168.128.1, body: {}
2024-08-18 10:00:00,864 DEBUG [com.alibaba.nacos.naming.beat.sender][NacosRestTemplate.java:476] - HTTP method: PUT, url: http://192.168.128.1:8848/nacos/v1/ns/instance/beat?app=unknown&serviceName=xuecheng-plus-project%40%40checkcode&namespaceId=54a51513-52f2-4d52-b774-caba911f8f39&port=63075&clusterName=DEFAULT&ip=192.168.128.1, body: {}
2024-08-18 10:00:01,768 DEBUG [Nacos-Watch-Task-Scheduler-1][RouteDefinitionRouteLocator.java:271] - RouteDefinition content-api applying {_genkey_0=/content/**} to Path
2024-08-18 10:00:01,768 DEBUG [Nacos-Watch-Task-Scheduler-1][RouteDefinitionRouteLocator.java:271] - RouteDefinition content-api applying {_genkey_0=/content/**} to Path
2024-08-18 10:00:01,768 DEBUG [Nacos-Watch-Task-Scheduler-1][RouteDefinitionRouteLocator.java:162] - RouteDefinition matched: content-api
2024-08-18 10:00:01,768 DEBUG [Nacos-Watch-Task-Scheduler-1][RouteDefinitionRouteLocator.java:162] - RouteDefinition matched: content-api
2024-08-18 10:00:01,768 DEBUG [Nacos-Watch-Task-Scheduler-1][RouteDefinitionRouteLocator.java:271] - RouteDefinition system-api applying {_genkey_0=/system/**} to Path
2024-08-18 10:00:01,768 DEBUG [Nacos-Watch-Task-Scheduler-1][RouteDefinitionRouteLocator.java:271] - RouteDefinition system-api applying {_genkey_0=/system/**} to Path
2024-08-18 10:00:01,769 DEBUG [Nacos-Watch-Task-Scheduler-1][RouteDefinitionRouteLocator.java:162] - RouteDefinition matched: system-api
2024-08-18 10:00:01,769 DEBUG [Nacos-Watch-Task-Scheduler-1][RouteDefinitionRouteLocator.java:162] - RouteDefinition matched: system-api
2024-08-18 10:00:01,769 DEBUG [Nacos-Watch-Task-Scheduler-1][RouteDefinitionRouteLocator.java:271] - RouteDefinition media-api applying {_genkey_0=/media/**} to Path
2024-08-18 10:00:01,769 DEBUG [Nacos-Watch-Task-Scheduler-1][RouteDefinitionRouteLocator.java:271] - RouteDefinition media-api applying {_genkey_0=/media/**} to Path
2024-08-18 10:00:01,769 DEBUG [Nacos-Watch-Task-Scheduler-1][RouteDefinitionRouteLocator.java:162] - RouteDefinition matched: media-api
2024-08-18 10:00:01,769 DEBUG [Nacos-Watch-Task-Scheduler-1][RouteDefinitionRouteLocator.java:271] - RouteDefinition search-service applying {_genkey_0=/search/**} to Path
2024-08-18 10:00:01,769 DEBUG [Nacos-Watch-Task-Scheduler-1][RouteDefinitionRouteLocator.java:162] - RouteDefinition matched: media-api
2024-08-18 10:00:01,769 DEBUG [Nacos-Watch-Task-Scheduler-1][RouteDefinitionRouteLocator.java:271] - RouteDefinition search-service applying {_genkey_0=/search/**} to Path
2024-08-18 10:00:01,769 DEBUG [Nacos-Watch-Task-Scheduler-1][RouteDefinitionRouteLocator.java:162] - RouteDefinition matched: search-service
2024-08-18 10:00:01,769 DEBUG [Nacos-Watch-Task-Scheduler-1][RouteDefinitionRouteLocator.java:162] - RouteDefinition matched: search-service
2024-08-18 10:00:01,769 DEBUG [Nacos-Watch-Task-Scheduler-1][RouteDefinitionRouteLocator.java:271] - RouteDefinition auth-service applying {_genkey_0=/auth/**} to Path
2024-08-18 10:00:01,769 DEBUG [Nacos-Watch-Task-Scheduler-1][RouteDefinitionRouteLocator.java:271] - RouteDefinition auth-service applying {_genkey_0=/auth/**} to Path
2024-08-18 10:00:01,769 DEBUG [Nacos-Watch-Task-Scheduler-1][RouteDefinitionRouteLocator.java:162] - RouteDefinition matched: auth-service
2024-08-18 10:00:01,769 DEBUG [Nacos-Watch-Task-Scheduler-1][RouteDefinitionRouteLocator.java:162] - RouteDefinition matched: auth-service
2024-08-18 10:00:01,769 DEBUG [Nacos-Watch-Task-Scheduler-1][RouteDefinitionRouteLocator.java:271] - RouteDefinition checkcode applying {_genkey_0=/checkcode/**} to Path
2024-08-18 10:00:01,769 DEBUG [Nacos-Watch-Task-Scheduler-1][RouteDefinitionRouteLocator.java:271] - RouteDefinition checkcode applying {_genkey_0=/checkcode/**} to Path
2024-08-18 10:00:01,769 DEBUG [Nacos-Watch-Task-Scheduler-1][RouteDefinitionRouteLocator.java:162] - RouteDefinition matched: checkcode
2024-08-18 10:00:01,769 DEBUG [Nacos-Watch-Task-Scheduler-1][RouteDefinitionRouteLocator.java:271] - RouteDefinition learning-api applying {_genkey_0=/learning/**} to Path
2024-08-18 10:00:01,769 DEBUG [Nacos-Watch-Task-Scheduler-1][RouteDefinitionRouteLocator.java:162] - RouteDefinition matched: checkcode
2024-08-18 10:00:01,769 DEBUG [Nacos-Watch-Task-Scheduler-1][RouteDefinitionRouteLocator.java:162] - RouteDefinition matched: learning-api
2024-08-18 10:00:01,769 DEBUG [Nacos-Watch-Task-Scheduler-1][RouteDefinitionRouteLocator.java:271] - RouteDefinition learning-api applying {_genkey_0=/learning/**} to Path
2024-08-18 10:00:01,769 DEBUG [Nacos-Watch-Task-Scheduler-1][RouteDefinitionRouteLocator.java:162] - RouteDefinition matched: learning-api
2024-08-18 10:00:01,769 DEBUG [Nacos-Watch-Task-Scheduler-1][RouteDefinitionRouteLocator.java:271] - RouteDefinition orders-api applying {_genkey_0=/orders/**} to Path
2024-08-18 10:00:01,769 DEBUG [Nacos-Watch-Task-Scheduler-1][RouteDefinitionRouteLocator.java:271] - RouteDefinition orders-api applying {_genkey_0=/orders/**} to Path
2024-08-18 10:00:01,771 DEBUG [Nacos-Watch-Task-Scheduler-1][RouteDefinitionRouteLocator.java:162] - RouteDefinition matched: orders-api
2024-08-18 10:00:01,771 DEBUG [Nacos-Watch-Task-Scheduler-1][RouteDefinitionRouteLocator.java:162] - RouteDefinition matched: orders-api
